\BOOKMARK [0][-]{chapter.1}{Notes To Self and To-Do List}{}% 1
\BOOKMARK [1][-]{section.1.1}{Updates to make in the notes}{chapter.1}% 2
\BOOKMARK [2][-]{subsection.1.1.1}{TO DO}{section.1.1}% 3
\BOOKMARK [2][-]{subsection.1.1.2}{DONE}{section.1.1}% 4
\BOOKMARK [1][-]{section.1.2}{General Notes and Reminders}{chapter.1}% 5
\BOOKMARK [2][-]{subsection.1.2.1}{Stuff to look into}{section.1.2}% 6
\BOOKMARK [2][-]{subsection.1.2.2}{Ideas}{section.1.2}% 7
\BOOKMARK [2][-]{subsection.1.2.3}{Goals:}{section.1.2}% 8
\BOOKMARK [0][-]{chapter.2}{The Method: Complex Langevin}{}% 9
\BOOKMARK [1][-]{section.2.1}{The two-dimensional rotating bosonic gas}{chapter.2}% 10
\BOOKMARK [2][-]{subsection.2.1.1}{The Action}{section.2.1}% 11
\BOOKMARK [0][-]{section*.2}{Appendices}{}% 12
\BOOKMARK [0][-]{Appendix.1.A}{NRRB Derivations}{}% 13
\BOOKMARK [1][-]{section.1.A.1}{ Justification for the Form of the Non-Relativistic Lattice Action}{Appendix.1.A}% 14
\BOOKMARK [1][-]{section.1.A.2}{ Writing the Complex Action in Terms of Real Fields}{Appendix.1.A}% 15
\BOOKMARK [1][-]{section.1.A.3}{ Complexifying the Real Fields}{Appendix.1.A}% 16
\BOOKMARK [1][-]{section.1.A.4}{Generating the NRRB CL Equations}{Appendix.1.A}% 17
\BOOKMARK [2][-]{subsection.1.A.4.1}{ Derivatives on the Lattice}{section.1.A.4}% 18
\BOOKMARK [2][-]{subsection.1.A.4.2}{Computing the derivative of the action with respect to the real fields}{section.1.A.4}% 19
\BOOKMARK [2][-]{subsection.1.A.4.3}{ Second Complexification of Drift Function}{section.1.A.4}% 20
\BOOKMARK [1][-]{section.1.A.5}{Lattice Observables}{Appendix.1.A}% 21
\BOOKMARK [2][-]{subsection.1.A.5.1}{Average Density}{section.1.A.5}% 22
\BOOKMARK [2][-]{subsection.1.A.5.2}{Average Angular Momentum}{section.1.A.5}% 23
\BOOKMARK [2][-]{subsection.1.A.5.3}{Circulation}{section.1.A.5}% 24
\BOOKMARK [2][-]{subsection.1.A.5.4}{Average Energy}{section.1.A.5}% 25
\BOOKMARK [1][-]{section.1.A.6}{Some checks on our code}{Appendix.1.A}% 26
\BOOKMARK [2][-]{subsection.1.A.6.1}{Nonrotating, noninteracting, nonrelativistic, finite chemical potential in 1, 2, and 3 dimensions}{section.1.A.6}% 27
